[debug] [2021-01-08T20:06:58.910Z] ----------------------------------------------------------------------
[debug] [2021-01-08T20:06:58.912Z] Command:       C:\Program Files\nodejs\node.exe C:\Users\Sunit Sinha\AppData\Roaming\npm\node_modules\firebase-tools\lib\bin\firebase.js deploy
[debug] [2021-01-08T20:06:58.912Z] CLI Version:   9.1.2
[debug] [2021-01-08T20:06:58.912Z] Platform:      win32
[debug] [2021-01-08T20:06:58.912Z] Node Version:  v12.18.0
[debug] [2021-01-08T20:06:58.914Z] Time:          Sat Jan 09 2021 01:36:58 GMT+0530 (India Standard Time)
[debug] [2021-01-08T20:06:58.914Z] ----------------------------------------------------------------------
[debug] [2021-01-08T20:06:58.915Z] 
[debug] [2021-01-08T20:06:58.924Z] > command requires scopes: ["email","openid","https://www.googleapis.com/auth/cloudplatformprojects.readonly","https://www.googleapis.com/auth/firebase","https://www.googleapis.com/auth/cloud-platform"]
[debug] [2021-01-08T20:06:58.925Z] > authorizing via signed-in user
[debug] [2021-01-08T20:06:58.925Z] [iam] checking project pcs-assignment for permissions ["firebase.projects.get","firebasehosting.sites.update"]
[debug] [2021-01-08T20:06:58.928Z] >>> HTTP REQUEST POST https://cloudresourcemanager.googleapis.com/v1/projects/pcs-assignment:testIamPermissions  
 {"permissions":["firebase.projects.get","firebasehosting.sites.update"]}
[debug] [2021-01-08T20:07:00.393Z] <<< HTTP RESPONSE 200 {"content-type":"application/json; charset=UTF-8","vary":"X-Origin, Referer, Origin,Accept-Encoding","date":"Fri, 08 Jan 2021 20:06:59 GMT","server":"ESF","cache-control":"private","x-xss-protection":"0","x-frame-options":"SAMEORIGIN","x-content-type-options":"nosniff","server-timing":"gfet4t7; dur=1047","alt-svc":"h3-29=\":443\"; ma=2592000,h3-T051=\":443\"; ma=2592000,h3-Q050=\":443\"; ma=2592000,h3-Q046=\":443\"; ma=2592000,h3-Q043=\":443\"; ma=2592000,quic=\":443\"; ma=2592000; v=\"46,43\"","accept-ranges":"none","transfer-encoding":"chunked"}
[debug] [2021-01-08T20:07:00.395Z] >>> HTTP REQUEST GET https://firebase.googleapis.com/v1beta1/projects/pcs-assignment  
 
[debug] [2021-01-08T20:07:01.012Z] <<< HTTP RESPONSE 200 {"content-type":"application/json; charset=UTF-8","vary":"X-Origin, Referer, Origin,Accept-Encoding","date":"Fri, 08 Jan 2021 20:07:00 GMT","server":"ESF","cache-control":"private","x-xss-protection":"0","x-frame-options":"SAMEORIGIN","x-content-type-options":"nosniff","alt-svc":"h3-29=\":443\"; ma=2592000,h3-T051=\":443\"; ma=2592000,h3-Q050=\":443\"; ma=2592000,h3-Q046=\":443\"; ma=2592000,h3-Q043=\":443\"; ma=2592000,quic=\":443\"; ma=2592000; v=\"46,43\"","accept-ranges":"none","transfer-encoding":"chunked"}
[info] 
[info] === Deploying to 'pcs-assignment'...
[info] 
[info] i  deploying hosting 
[debug] [2021-01-08T20:07:01.028Z] >>> HTTP REQUEST POST https://firebasehosting.googleapis.com/v1beta1/sites/pcs-assignment/versions  
 {"config":{"rewrites":[{"glob":"**","path":"/index.html"}]},"labels":{"deployment-tool":"cli-firebase"}}
[debug] [2021-01-08T20:07:02.942Z] <<< HTTP RESPONSE 200 {"content-type":"application/json; charset=UTF-8","vary":"X-Origin, Referer, Origin,Accept-Encoding","date":"Fri, 08 Jan 2021 20:07:02 GMT","server":"ESF","cache-control":"private","x-xss-protection":"0","x-frame-options":"SAMEORIGIN","x-content-type-options":"nosniff","alt-svc":"h3-29=\":443\"; ma=2592000,h3-T051=\":443\"; ma=2592000,h3-Q050=\":443\"; ma=2592000,h3-Q046=\":443\"; ma=2592000,h3-Q043=\":443\"; ma=2592000,quic=\":443\"; ma=2592000; v=\"46,43\"","accept-ranges":"none","transfer-encoding":"chunked"}
[info] i  hosting[pcs-assignment]: beginning deploy... 
[info] i  hosting[pcs-assignment]: found 8 files in dist/PCS-Assignment 
[debug] [2021-01-08T20:07:03.039Z] > refreshing access token with scopes: []
[debug] [2021-01-08T20:07:03.040Z] >>> HTTP REQUEST POST https://www.googleapis.com/oauth2/v3/token  
 <request body omitted>
[debug] [2021-01-08T20:07:03.044Z] [hosting] hash cache [ZGlzdFxQQ1MtQXNzaWdubWVudA] stored for 8 files
[debug] [2021-01-08T20:07:03.045Z] [hosting][hash queue][FINAL] {"max":57,"min":6,"avg":24.25,"active":0,"complete":8,"success":8,"errored":0,"retried":0,"total":8,"elapsed":71}
[debug] [2021-01-08T20:07:03.461Z] <<< HTTP RESPONSE 200 {"pragma":"no-cache","cache-control":"no-cache, no-store, max-age=0, must-revalidate","date":"Fri, 08 Jan 2021 20:07:02 GMT","expires":"Mon, 01 Jan 1990 00:00:00 GMT","content-type":"application/json; charset=utf-8","vary":"X-Origin, Referer, Origin,Accept-Encoding","server":"scaffolding on HTTPServer2","x-xss-protection":"0","x-frame-options":"SAMEORIGIN","x-content-type-options":"nosniff","alt-svc":"h3-29=\":443\"; ma=2592000,h3-T051=\":443\"; ma=2592000,h3-Q050=\":443\"; ma=2592000,h3-Q046=\":443\"; ma=2592000,h3-Q043=\":443\"; ma=2592000,quic=\":443\"; ma=2592000; v=\"46,43\"","accept-ranges":"none","transfer-encoding":"chunked"}
[debug] [2021-01-08T20:07:03.472Z] >>> [apiv2][query] POST https://firebasehosting.googleapis.com/v1beta1/sites/pcs-assignment/versions/1f78056d2f020418:populateFiles [none]
[debug] [2021-01-08T20:07:03.473Z] >>> [apiv2][body] POST https://firebasehosting.googleapis.com/v1beta1/sites/pcs-assignment/versions/1f78056d2f020418:populateFiles {"files":{"/favicon.ico":"2c19690e9587bae12f419b34d2edeecc76808099540a9c9f4ea6194116cfc8f7","/index.html":"36909ef6d45f1dd63beaca7c19d430c935eff1d46f326ff0c2ce612ea217b6a0","/3rdpartylicenses.txt":"22e98b0ff8d3dda388258b2716854d1623b799783a4bbcf929854b1f6dc4e282","/runtime.b54b2beab08ee0ccc508.js":"8619005ff4cc826609f084413e9654f3a259fbceeafc372db5e8e53fc37e34db","/4.3875b86f5a46b20761b7.js":"c5e6decc112a5f214858cd2b0e87aa2304abda44532796ad1093298f8993dd45","/polyfills.35a5ca1855eb057f016a.js":"a1fede77a96a9862ecf2609e7bebc3b617fc90d9ba98fa6690e6b27b65d67388","/styles.fa306b304e58d906358b.css":"a116c16b0594f7f3e857cc655c9ac10a3ae83753541a6550220f4fe22c7d9b56","/main.490b23a9b46b51a8d46a.js":"3edbc82f9819426067f405776581520b9c9af8ee573b29e55d66de6e2b5da9e2"}}
[debug] [2021-01-08T20:07:05.340Z] <<< [apiv2][status] POST https://firebasehosting.googleapis.com/v1beta1/sites/pcs-assignment/versions/1f78056d2f020418:populateFiles 200
[debug] [2021-01-08T20:07:05.341Z] <<< [apiv2][body] POST https://firebasehosting.googleapis.com/v1beta1/sites/pcs-assignment/versions/1f78056d2f020418:populateFiles {"uploadRequiredHashes":["a116c16b0594f7f3e857cc655c9ac10a3ae83753541a6550220f4fe22c7d9b56","36909ef6d45f1dd63beaca7c19d430c935eff1d46f326ff0c2ce612ea217b6a0"],"uploadUrl":"https://upload-firebasehosting.googleapis.com/upload/sites/pcs-assignment/versions/1f78056d2f020418/files"}
[debug] [2021-01-08T20:07:05.344Z] >>> [apiv2][query] POST https://upload-firebasehosting.googleapis.com/upload/sites/pcs-assignment/versions/1f78056d2f020418/files/a116c16b0594f7f3e857cc655c9ac10a3ae83753541a6550220f4fe22c7d9b56 [none]
[debug] [2021-01-08T20:07:05.344Z] >>> [apiv2][body] POST https://upload-firebasehosting.googleapis.com/upload/sites/pcs-assignment/versions/1f78056d2f020418/files/a116c16b0594f7f3e857cc655c9ac10a3ae83753541a6550220f4fe22c7d9b56 [stream]
[debug] [2021-01-08T20:07:05.348Z] >>> [apiv2][query] POST https://upload-firebasehosting.googleapis.com/upload/sites/pcs-assignment/versions/1f78056d2f020418/files/36909ef6d45f1dd63beaca7c19d430c935eff1d46f326ff0c2ce612ea217b6a0 [none]
[debug] [2021-01-08T20:07:05.348Z] >>> [apiv2][body] POST https://upload-firebasehosting.googleapis.com/upload/sites/pcs-assignment/versions/1f78056d2f020418/files/36909ef6d45f1dd63beaca7c19d430c935eff1d46f326ff0c2ce612ea217b6a0 [stream]
[debug] [2021-01-08T20:07:05.350Z] [hosting][populate queue][FINAL] {"max":2307,"min":2307,"avg":2307,"active":0,"complete":1,"success":1,"errored":0,"retried":0,"total":1,"elapsed":2313}
[debug] [2021-01-08T20:07:05.351Z] [hosting] uploads queued: 2
